
<<[Drone.ino] is running on Chip E462644007376137>>
Core 0|Freq 133.00MHz|Watchdog Reset
⠀     (\__/)
      (•ㅅ•)      Don't talk to
   ＿ノヽ ノ＼＿      me or my son
`/　`/ ⌒Ｙ⌒ Ｙ  ヽ     ever again.
( 　(三ヽ人　 /　  |
|　ﾉ⌒＼ ￣￣ヽ   ノ
 ヽ＿＿＿＞､＿_／
    ｜( 王 ﾉ〈   (\__/)
    /ﾐ`ー―彡\   (•ㅅ•)
   / ╰    ╯ \  /    \&gt;
"/?" for help

Command Motorsteuerung recieved.

set motor pin 10 at 12
set motor pin 10 at 0
set motor pin 12 at 12
set motor pin 12 at 0
set motor pin 24 at 12
set motor pin 24 at 0
set motor pin 1 at 12
set motor pin 1 at 0
Command Motorsteuerung recieved.

set motor pin 10 at 12
set motor pin 10 at 0
set motor pin 12 at 12
set motor pin 12 at 0
set motor pin 24 at 12
set motor pin 24 at 0
set motor pin 1 at 12
set motor pin 1 at 0
Command Motorsteuerung recieved.

set motor pin 10 at 12
set motor pin 10 at 0
set motor pin 12 at 12
set motor pin 12 at 0
set motor pin 24 at 12
set motor pin 24 at 0
set motor pin 1 at 12
set motor pin 1 at 0
Command Motorsteuerung recieved.

set motor pin 10 at 12
set motor pin 10 at 0
set motor pin 12 at 12
set motor pin 12 at 0
set motor pin 24 at 12
set motor pin 24 at 0
set motor pin 1 at 12
set motor pin 1 at 0
Command Motorsteuerung recieved.

set motor pin 10 at 12
set motor pin 10 at 0
set motor pin 12 at 12
set motor pin 12 at 0
set motor pin 24 at 12
set motor pin 24 at 0
set motor pin 1 at 12
set motor pin 1 at 0
